<blueprint xmlns:xsi="http://www.w3.org/2001/XMLSchema-instance"
  xmlns:cm="http://aries.apache.org/blueprint/xmlns/blueprint-cm/v1.1.0"
  xmlns:camel="http://camel.apache.org/schema/blueprint"
  xmlns="http://www.osgi.org/xmlns/blueprint/v1.0.0"
  xsi:schemaLocation="http://www.osgi.org/xmlns/blueprint/v1.0.0 http://www.osgi.org/xmlns/blueprint/v1.0.0/blueprint.xsd">

  <cm:property-placeholder persistent-id="org.opennms.plugins.test-tcp-connector" update-strategy="reload">
    <cm:default-properties>
    </cm:default-properties>
  </cm:property-placeholder>

  <bean id="testTcpConnectorFactory" class="org.opennms.poc.testtcpconnector.TestTcpConnectorFactory"></bean>

  <service ref="testTcpConnectorFactory" interface="org.opennms.poc.plugin.api.ServiceConnectorFactory">
    <service-properties>
      <entry key="connector.name" value="TestTcpConnector"/>
    </service-properties>
  </service>

</blueprint>
